f:\vulkanrenderer\bin\intermediate\x64\debug\vulkanrenderer.pch
f:\vulkanrenderer\bin\intermediate\x64\debug\vc140.pdb
f:\vulkanrenderer\bin\intermediate\x64\debug\vc140.idb
f:\vulkanrenderer\bin\intermediate\x64\debug\stdafx.obj
f:\vulkanrenderer\bin\intermediate\x64\debug\baseinclude.obj
f:\vulkanrenderer\bin\intermediate\x64\debug\mathglobal.obj
f:\vulkanrenderer\bin\intermediate\x64\debug\matrix4x4.obj
f:\vulkanrenderer\bin\intermediate\x64\debug\vector2.obj
f:\vulkanrenderer\bin\intermediate\x64\debug\vector3.obj
f:\vulkanrenderer\bin\intermediate\x64\debug\vector4.obj
f:\vulkanrenderer\bin\intermediate\x64\debug\vulkanrenderer.obj
f:\vulkanrenderer\bin\intermediate\x64\debug\vulkandevice.obj
f:\vulkanrenderer\bin\intermediate\x64\debug\main.obj
f:\vulkanrenderer\bin\intermediate\x64\debug\camera.obj
f:\vulkanrenderer\bin\intermediate\x64\debug\vulkanbase.obj
f:\vulkanrenderer\bin\intermediate\x64\debug\vulkanswapchain.obj
f:\vulkanrenderer\bin\x64\debug\vulkanrenderer.ilk
f:\vulkanrenderer\bin\x64\debug\vulkanrenderer.exe
f:\vulkanrenderer\bin\x64\debug\vulkanrenderer.pdb
f:\vulkanrenderer\bin\intermediate\x64\debug\vulkanrenderer.res
f:\vulkanrenderer\\bin\x64\debug\vulkanrenderer.pdb
f:\vulkanrenderer\\bin\x64\debug\vulkanrenderer.exe
f:\vulkanrenderer\\bin\x64\debug\vulkanrenderer.ilk
f:\vulkanrenderer\bin\intermediate\x64\debug\vulkanrenderer.tlog\cl.command.1.tlog
f:\vulkanrenderer\bin\intermediate\x64\debug\vulkanrenderer.tlog\cl.read.1.tlog
f:\vulkanrenderer\bin\intermediate\x64\debug\vulkanrenderer.tlog\cl.write.1.tlog
f:\vulkanrenderer\bin\intermediate\x64\debug\vulkanrenderer.tlog\link.command.1.tlog
f:\vulkanrenderer\bin\intermediate\x64\debug\vulkanrenderer.tlog\link.read.1.tlog
f:\vulkanrenderer\bin\intermediate\x64\debug\vulkanrenderer.tlog\link.write.1.tlog
f:\vulkanrenderer\bin\intermediate\x64\debug\vulkanrenderer.tlog\rc.command.1.tlog
f:\vulkanrenderer\bin\intermediate\x64\debug\vulkanrenderer.tlog\rc.read.1.tlog
f:\vulkanrenderer\bin\intermediate\x64\debug\vulkanrenderer.tlog\rc.write.1.tlog
